Arguments: 
  C:\Program Files\nodejs\node.exe C:\Users\cheng\AppData\Roaming\npm\node_modules\yarn\bin\yarn.js

PATH: 
  C:\WINDOWS\system32;C:\WINDOWS;C:\WINDOWS\System32\Wbem;C:\WINDOWS\System32\WindowsPowerShell\v1.0\;C:\Program Files\Git\cmd;C:\WINDOWS\System32\OpenSSH\;C:\Program Files\nodejs\;C:\Users\cheng\AppData\Local\Microsoft\WindowsApps;C:\Users\cheng\AppData\Roaming\npm

Yarn version: 
  1.3.2

Node version: 
  10.15.3

Platform: 
  win32 x64

npm manifest: 
  {
    "name": "myMovie",
    "version": "1.0.0",
    "description": "基于 egg + react + typescript + webpack 服务端渲染工程骨架项目",
    "scripts": {
      "start": "egg-scripts start",
      "dev": "egg-bin dev -r egg-ts-helper/register",
      "debug": "egg-bin debug",
      "build": "easy build",
      "tsc": "ets && tsc -p tsconfig.json",
      "clean": "ets clean",
      "kill": "easy kill",
      "lint": "tslint --project . -c tslint.json",
      "fix": "tslint --fix --project . -c tslint.json",
      "ii": "npm install --registry https://registry.npm.taobao.org"
    },
    "dependencies": {
      "cross-env": "^5.0.0",
      "egg": "^2.1.0",
      "egg-cors": "^2.0.0",
      "egg-logger": "^1.5.0",
      "egg-scripts": "^2.6.0",
      "egg-validate": "^1.0.0",
      "egg-view-react-ssr": "^2.3.2",
      "extend": "~3.0.0",
      "history": "^4.7.2",
      "lodash": "^4.17.4",
      "mockjs": "^1.0.1-beta3",
      "moment": "^2.17.1",
      "react": "^16.0.0",
      "react-dom": "^16.0.0",
      "react-redux": "^5.0.6",
      "react-router": "^4.2.0",
      "react-router-config": "^1.0.0-beta.4",
      "react-router-dom": "^4.2.2",
      "react-router-redux": "^4.0.8",
      "redux": "^3.7.2"
    },
    "devDependencies": {
      "@types/react": "^16.0.34",
      "@types/react-dom": "^16.0.3",
      "antd": "^3.0.3",
      "autod-egg": "^1.0.0",
      "easywebpack-cli": "^4.0.0",
      "easywebpack-react": "^4.0.0",
      "egg-bin": "^4.7.1",
      "egg-ts-helper": "^1.9.0",
      "egg-webpack": "^4.0.0",
      "egg-webpack-react": "^2.0.0",
      "eslint": "^4.6.1",
      "eslint-config-egg": "^5.1.1",
      "eslint-plugin-react": "^7.1.0",
      "ip": "^1.1.5",
      "less": "^2.7.2",
      "less-loader": "^4.0.5",
      "ts-loader": "^4.0.0",
      "tslint": "^5.9.1",
      "tslint-loader": "^3.5.3",
      "typescript": "^3.0.0",
      "node-sass": "^4.5.3",
      "sass-loader": "^6.0.6"
    },
    "egg": {
      "typescript": true
    },
    "engines": {
      "node": ">=6.0.0"
    },
    "ci": {
      "version": "6, 7, 8"
    },
    "repository": {
      "type": "git",
      "url": "git+https://github.com/hubcarl/egg-react-typescript-boilerplate.git"
    },
    "author": "hubcarl@126.com",
    "license": "MIT",
    "homepage": "https://github.com/hubcarl/egg-react-typescript-boilerplate",
    "webpack": {
      "loaders": {
        "scss": true
      }
    }
  }

yarn manifest: 
  No manifest

Lockfile: 
  No lockfile

Trace: 
  Error: https://registry.npm.taobao.org/antd/download/antd-3.18.2.tgz?cache=0&other_urls=https%3A%2F%2Fregistry.npm.taobao.org%2Fantd%2Fdownload%2Fantd-3.18.2.tgz: ESOCKETTIMEDOUT
      at ClientRequest.<anonymous> (C:\Users\cheng\AppData\Roaming\npm\node_modules\yarn\lib\cli.js:123716:19)
      at Object.onceWrapper (events.js:277:13)
      at ClientRequest.emit (events.js:189:13)
      at TLSSocket.emitRequestTimeout (_http_client.js:662:40)
      at Object.onceWrapper (events.js:277:13)
      at TLSSocket.emit (events.js:189:13)
      at TLSSocket.Socket._onTimeout (net.js:440:8)
      at ontimeout (timers.js:436:11)
      at tryOnTimeout (timers.js:300:5)
      at listOnTimeout (timers.js:263:5)
