2019-05-24 23:29:19,560 ERROR 628 nodejs.unhandledRejectionError: Exited with code 3
    at ChildProcess.cp.once.code (/home/coding/workspace/myMovie/myMovie/node_modules/opn/index.js:85:13)
    at Object.onceWrapper (events.js:317:30)
    at emitTwo (events.js:126:13)
    at ChildProcess.emit (events.js:214:7)
    at maybeClose (internal/child_process.js:915:16)
    at Socket.stream.socket.on (internal/child_process.js:336:11)
    at emitOne (events.js:116:13)
    at Socket.emit (events.js:211:7)
    at Pipe._handle.close [as _onclose] (net.js:561:12)
name: "unhandledRejectionError"
pid: 628
hostname: coding.ide

2019-05-24 23:30:11,722 ERROR 819 nodejs.unhandledRejectionError: Exited with code 3
    at ChildProcess.cp.once.code (/home/coding/workspace/myMovie/myMovie/node_modules/opn/index.js:85:13)
    at Object.onceWrapper (events.js:317:30)
    at emitTwo (events.js:126:13)
    at ChildProcess.emit (events.js:214:7)
    at maybeClose (internal/child_process.js:915:16)
    at Socket.stream.socket.on (internal/child_process.js:336:11)
    at emitOne (events.js:116:13)
    at Socket.emit (events.js:211:7)
    at Pipe._handle.close [as _onclose] (net.js:561:12)
name: "unhandledRejectionError"
pid: 819
hostname: coding.ide

2019-05-24 23:30:46,030 ERROR 1081 nodejs.unhandledRejectionError: Exited with code 3
    at ChildProcess.cp.once.code (/home/coding/workspace/myMovie/myMovie/node_modules/opn/index.js:85:13)
    at Object.onceWrapper (events.js:317:30)
    at emitTwo (events.js:126:13)
    at ChildProcess.emit (events.js:214:7)
    at maybeClose (internal/child_process.js:915:16)
    at Socket.stream.socket.on (internal/child_process.js:336:11)
    at emitOne (events.js:116:13)
    at Socket.emit (events.js:211:7)
    at Pipe._handle.close [as _onclose] (net.js:561:12)
name: "unhandledRejectionError"
pid: 1081
hostname: coding.ide

2019-05-24 23:31:10,358 ERROR 1081 nodejs.unhandledRejectionError: Exited with code 3
    at ChildProcess.cp.once.code (/home/coding/workspace/myMovie/myMovie/node_modules/opn/index.js:85:13)
    at Object.onceWrapper (events.js:317:30)
    at emitTwo (events.js:126:13)
    at ChildProcess.emit (events.js:214:7)
    at maybeClose (internal/child_process.js:915:16)
    at Socket.stream.socket.on (internal/child_process.js:336:11)
    at emitOne (events.js:116:13)
    at Socket.emit (events.js:211:7)
    at Pipe._handle.close [as _onclose] (net.js:561:12)
name: "unhandledRejectionError"
pid: 1081
hostname: coding.ide

2019-05-24 23:32:11,334 ERROR 1081 nodejs.unhandledRejectionError: Exited with code 3
    at ChildProcess.cp.once.code (/home/coding/workspace/myMovie/myMovie/node_modules/opn/index.js:85:13)
    at Object.onceWrapper (events.js:317:30)
    at emitTwo (events.js:126:13)
    at ChildProcess.emit (events.js:214:7)
    at maybeClose (internal/child_process.js:915:16)
    at Socket.stream.socket.on (internal/child_process.js:336:11)
    at emitOne (events.js:116:13)
    at Socket.emit (events.js:211:7)
    at Pipe._handle.close [as _onclose] (net.js:561:12)
name: "unhandledRejectionError"
pid: 1081
hostname: coding.ide

2019-05-24 23:33:15,204 ERROR 1081 nodejs.unhandledRejectionError: Exited with code 3
    at ChildProcess.cp.once.code (/home/coding/workspace/myMovie/myMovie/node_modules/opn/index.js:85:13)
    at Object.onceWrapper (events.js:317:30)
    at emitTwo (events.js:126:13)
    at ChildProcess.emit (events.js:214:7)
    at maybeClose (internal/child_process.js:915:16)
    at Socket.stream.socket.on (internal/child_process.js:336:11)
    at emitOne (events.js:116:13)
    at Socket.emit (events.js:211:7)
    at Pipe._handle.close [as _onclose] (net.js:561:12)
name: "unhandledRejectionError"
pid: 1081
hostname: coding.ide

2019-05-24 23:34:11,530 ERROR 1081 nodejs.unhandledRejectionError: Exited with code 3
    at ChildProcess.cp.once.code (/home/coding/workspace/myMovie/myMovie/node_modules/opn/index.js:85:13)
    at Object.onceWrapper (events.js:317:30)
    at emitTwo (events.js:126:13)
    at ChildProcess.emit (events.js:214:7)
    at maybeClose (internal/child_process.js:915:16)
    at Socket.stream.socket.on (internal/child_process.js:336:11)
    at emitOne (events.js:116:13)
    at Socket.emit (events.js:211:7)
    at Pipe._handle.close [as _onclose] (net.js:561:12)
name: "unhandledRejectionError"
pid: 1081
hostname: coding.ide

2019-05-24 23:37:51,684 ERROR 2748 nodejs.unhandledRejectionError: Exited with code 3
    at ChildProcess.cp.once.code (/home/coding/workspace/myMovie/myMovie/node_modules/opn/index.js:85:13)
    at Object.onceWrapper (events.js:317:30)
    at emitTwo (events.js:126:13)
    at ChildProcess.emit (events.js:214:7)
    at maybeClose (internal/child_process.js:915:16)
    at Socket.stream.socket.on (internal/child_process.js:336:11)
    at emitOne (events.js:116:13)
    at Socket.emit (events.js:211:7)
    at Pipe._handle.close [as _onclose] (net.js:561:12)
name: "unhandledRejectionError"
pid: 2748
hostname: coding.ide

2019-05-24 23:38:11,718 ERROR 2748 nodejs.unhandledRejectionError: Exited with code 3
    at ChildProcess.cp.once.code (/home/coding/workspace/myMovie/myMovie/node_modules/opn/index.js:85:13)
    at Object.onceWrapper (events.js:317:30)
    at emitTwo (events.js:126:13)
    at ChildProcess.emit (events.js:214:7)
    at maybeClose (internal/child_process.js:915:16)
    at Socket.stream.socket.on (internal/child_process.js:336:11)
    at emitOne (events.js:116:13)
    at Socket.emit (events.js:211:7)
    at Pipe._handle.close [as _onclose] (net.js:561:12)
name: "unhandledRejectionError"
pid: 2748
hostname: coding.ide

2019-05-24 23:39:10,731 ERROR 2748 nodejs.unhandledRejectionError: Exited with code 3
    at ChildProcess.cp.once.code (/home/coding/workspace/myMovie/myMovie/node_modules/opn/index.js:85:13)
    at Object.onceWrapper (events.js:317:30)
    at emitTwo (events.js:126:13)
    at ChildProcess.emit (events.js:214:7)
    at maybeClose (internal/child_process.js:915:16)
    at Socket.stream.socket.on (internal/child_process.js:336:11)
    at emitOne (events.js:116:13)
    at Socket.emit (events.js:211:7)
    at Pipe._handle.close [as _onclose] (net.js:561:12)
name: "unhandledRejectionError"
pid: 2748
hostname: coding.ide

2019-05-24 23:40:11,857 ERROR 2748 nodejs.unhandledRejectionError: Exited with code 3
    at ChildProcess.cp.once.code (/home/coding/workspace/myMovie/myMovie/node_modules/opn/index.js:85:13)
    at Object.onceWrapper (events.js:317:30)
    at emitTwo (events.js:126:13)
    at ChildProcess.emit (events.js:214:7)
    at maybeClose (internal/child_process.js:915:16)
    at Socket.stream.socket.on (internal/child_process.js:336:11)
    at emitOne (events.js:116:13)
    at Socket.emit (events.js:211:7)
    at Pipe._handle.close [as _onclose] (net.js:561:12)
name: "unhandledRejectionError"
pid: 2748
hostname: coding.ide

2019-05-24 23:41:11,812 ERROR 2748 nodejs.unhandledRejectionError: Exited with code 3
    at ChildProcess.cp.once.code (/home/coding/workspace/myMovie/myMovie/node_modules/opn/index.js:85:13)
    at Object.onceWrapper (events.js:317:30)
    at emitTwo (events.js:126:13)
    at ChildProcess.emit (events.js:214:7)
    at maybeClose (internal/child_process.js:915:16)
    at Socket.stream.socket.on (internal/child_process.js:336:11)
    at emitOne (events.js:116:13)
    at Socket.emit (events.js:211:7)
    at Pipe._handle.close [as _onclose] (net.js:561:12)
name: "unhandledRejectionError"
pid: 2748
hostname: coding.ide

2019-05-25 17:27:21,624 ERROR 9544 nodejs.ServerNoResponseError: server 127.0.0.1:56758 no response in 40001ms, maybe the socket is end on the other side. (address: 127.0.0.1:56758)
    at Timeout._heartbeatTimer.setInterval [as _onTimeout] (C:\Users\cheng\Desktop\myMovie\myMovie\node_modules\tcp-base\lib\base.js:427:21)
    at ontimeout (timers.js:436:11)
    at tryOnTimeout (timers.js:300:5)
    at listOnTimeout (timers.js:263:5)
    at Timer.processTimers (timers.js:223:10)
name: "ServerNoResponseError"
pid: 9544
hostname: DESKTOP-VI1R32M

2019-05-25 17:28:47,311 ERROR 5312 nodejs.ClusterClientNoResponseError: client no response in 145304ms exceeding maxIdleTime 60000ms, maybe the connection is close on other side.
    at Timeout.Leader._heartbeatTimer.setInterval [as _onTimeout] (C:\Users\cheng\Desktop\myMovie\myMovie\node_modules\cluster-client\lib\leader.js:77:23)
    at ontimeout (timers.js:436:11)
    at tryOnTimeout (timers.js:300:5)
    at listOnTimeout (timers.js:263:5)
    at Timer.processTimers (timers.js:223:10)
name: "ClusterClientNoResponseError"
pid: 5312
hostname: DESKTOP-VI1R32M

2019-05-25 18:12:28,676 ERROR 9608 [-/127.0.0.1/-/114ms GET /] nodejs.Error: Module build failed (from ./node_modules/babel-loader/lib/index.js):
SyntaxError: C:/Users/cheng/Desktop/myMovie/myMovie/app/web/page/home/component/tab.tsx: Expected corresponding JSX closing tag for <di> (26:8)

[0m [90m 24 | [39m            aaa
 [90m 25 | [39m          [33m<[39m[33m/[39m[33mdiv[39m[33m>[39m
[31m[1m>[22m[39m[90m 26 | [39m        [33m<[39m[33m/[39m[33mdiv[39m[33m>[39m
 [90m    | [39m        [31m[1m^[22m[39m
 [90m 27 | [39m      [33m<[39m[33m/[39m[33mdiv[39m[33m>[39m
 [90m 28 | [39m    [33m<[39m[33m/[39m[33mdiv[39m[33m>[39m[33m;[39m
 [90m 29 | [39m    }[33m;[39m[0m

SyntaxError: C:/Users/cheng/Desktop/myMovie/myMovie/app/web/page/home/component/tab.tsx: Expected corresponding JSX closing tag for <di> (26:8)

[0m [90m 24 | [39m            aaa
 [90m 25 | [39m          [33m<[39m[33m/[39m[33mdiv[39m[33m>[39m
[31m[1m>[22m[39m[90m 26 | [39m        [33m<[39m[33m/[39m[33mdiv[39m[33m>[39m
 [90m    | [39m        [31m[1m^[22m[39m
 [90m 27 | [39m      [33m<[39m[33m/[39m[33mdiv[39m[33m>[39m
 [90m 28 | [39m    [33m<[39m[33m/[39m[33mdiv[39m[33m>[39m[33m;[39m
 [90m 29 | [39m    }[33m;[39m[0m

    at eval (webpack:///./app/web/page/home/component/tab.tsx?:1:7)
    at Object../app/web/page/home/component/tab.tsx (evalmachine.<anonymous>:108:1)
    at __webpack_require__ (evalmachine.<anonymous>:20:30)
    at eval (webpack:///./app/web/page/home/index.tsx?:11:72)
    at Module../app/web/page/home/index.tsx (evalmachine.<anonymous>:120:1)
    at __webpack_require__ (evalmachine.<anonymous>:20:30)
    at evalmachine.<anonymous>:84:18
    at evalmachine.<anonymous>:87:10
    at C:\Users\cheng\Desktop\myMovie\myMovie\node_modules\egg-webpack-react\app.js:23:37
    at Generator.next (<anonymous>)

pid: 9608
hostname: DESKTOP-VI1R32M

2019-05-25 18:12:30,237 ERROR 9608 [-/127.0.0.1/-/10ms GET /] nodejs.Error: Module build failed (from ./node_modules/babel-loader/lib/index.js):
SyntaxError: C:/Users/cheng/Desktop/myMovie/myMovie/app/web/page/home/component/tab.tsx: Expected corresponding JSX closing tag for <di> (26:8)

[0m [90m 24 | [39m            aaa
 [90m 25 | [39m          [33m<[39m[33m/[39m[33mdiv[39m[33m>[39m
[31m[1m>[22m[39m[90m 26 | [39m        [33m<[39m[33m/[39m[33mdiv[39m[33m>[39m
 [90m    | [39m        [31m[1m^[22m[39m
 [90m 27 | [39m      [33m<[39m[33m/[39m[33mdiv[39m[33m>[39m
 [90m 28 | [39m    [33m<[39m[33m/[39m[33mdiv[39m[33m>[39m[33m;[39m
 [90m 29 | [39m    }[33m;[39m[0m

SyntaxError: C:/Users/cheng/Desktop/myMovie/myMovie/app/web/page/home/component/tab.tsx: Expected corresponding JSX closing tag for <di> (26:8)

[0m [90m 24 | [39m            aaa
 [90m 25 | [39m          [33m<[39m[33m/[39m[33mdiv[39m[33m>[39m
[31m[1m>[22m[39m[90m 26 | [39m        [33m<[39m[33m/[39m[33mdiv[39m[33m>[39m
 [90m    | [39m        [31m[1m^[22m[39m
 [90m 27 | [39m      [33m<[39m[33m/[39m[33mdiv[39m[33m>[39m
 [90m 28 | [39m    [33m<[39m[33m/[39m[33mdiv[39m[33m>[39m[33m;[39m
 [90m 29 | [39m    }[33m;[39m[0m

    at eval (webpack:///./app/web/page/home/component/tab.tsx?:1:7)
    at Object../app/web/page/home/component/tab.tsx (evalmachine.<anonymous>:108:1)
    at __webpack_require__ (evalmachine.<anonymous>:20:30)
    at eval (webpack:///./app/web/page/home/index.tsx?:11:72)
    at Module../app/web/page/home/index.tsx (evalmachine.<anonymous>:120:1)
    at __webpack_require__ (evalmachine.<anonymous>:20:30)
    at evalmachine.<anonymous>:84:18
    at evalmachine.<anonymous>:87:10
    at C:\Users\cheng\Desktop\myMovie\myMovie\node_modules\egg-webpack-react\app.js:23:37
    at Generator.next (<anonymous>)

pid: 9608
hostname: DESKTOP-VI1R32M

2019-05-25 18:45:16,112 ERROR 9608 [-/127.0.0.1/-/98ms GET /] nodejs.ReferenceError: React is not defined
    at Top.render (webpack:///./app/web/page/home/component/TopComponent/top.tsx?:17:9)
    at processChild (C:\Users\cheng\Desktop\myMovie\myMovie\node_modules\react-dom\cjs\react-dom-server.node.development.js:2959:18)
    at resolve (C:\Users\cheng\Desktop\myMovie\myMovie\node_modules\react-dom\cjs\react-dom-server.node.development.js:2812:5)
    at ReactDOMServerRenderer.render (C:\Users\cheng\Desktop\myMovie\myMovie\node_modules\react-dom\cjs\react-dom-server.node.development.js:3202:22)
    at ReactDOMServerRenderer.read (C:\Users\cheng\Desktop\myMovie\myMovie\node_modules\react-dom\cjs\react-dom-server.node.development.js:3161:29)
    at Object.renderToString (C:\Users\cheng\Desktop\myMovie\myMovie\node_modules\react-dom\cjs\react-dom-server.node.development.js:3646:27)
    at Engine.renderToString (C:\Users\cheng\Desktop\myMovie\myMovie\node_modules\egg-view-react-ssr\lib\engine.js:130:27)
    at Engine.renderElement (C:\Users\cheng\Desktop\myMovie\myMovie\node_modules\egg-view-react-ssr\lib\engine.js:100:35)
    at C:\Users\cheng\Desktop\myMovie\myMovie\node_modules\egg-webpack-react\app.js:28:26
    at Generator.next (<anonymous>)

pid: 9608
hostname: DESKTOP-VI1R32M

2019-05-25 19:05:58,357 ERROR 9608 [-/127.0.0.1/-/135ms GET /] nodejs.TypeError: Cannot read property 'list' of null
    at Tab.render (webpack:///./app/web/page/home/component/tab.tsx?:50:155)
    at processChild (C:\Users\cheng\Desktop\myMovie\myMovie\node_modules\react-dom\cjs\react-dom-server.node.development.js:2959:18)
    at resolve (C:\Users\cheng\Desktop\myMovie\myMovie\node_modules\react-dom\cjs\react-dom-server.node.development.js:2812:5)
    at ReactDOMServerRenderer.render (C:\Users\cheng\Desktop\myMovie\myMovie\node_modules\react-dom\cjs\react-dom-server.node.development.js:3202:22)
    at ReactDOMServerRenderer.read (C:\Users\cheng\Desktop\myMovie\myMovie\node_modules\react-dom\cjs\react-dom-server.node.development.js:3161:29)
    at Object.renderToString (C:\Users\cheng\Desktop\myMovie\myMovie\node_modules\react-dom\cjs\react-dom-server.node.development.js:3646:27)
    at Engine.renderToString (C:\Users\cheng\Desktop\myMovie\myMovie\node_modules\egg-view-react-ssr\lib\engine.js:130:27)
    at Engine.renderElement (C:\Users\cheng\Desktop\myMovie\myMovie\node_modules\egg-view-react-ssr\lib\engine.js:100:35)
    at C:\Users\cheng\Desktop\myMovie\myMovie\node_modules\egg-webpack-react\app.js:28:26
    at Generator.next (<anonymous>)

pid: 9608
hostname: DESKTOP-VI1R32M

2019-05-25 19:08:12,603 ERROR 3376 [-/127.0.0.1/-/12986ms GET /] nodejs.TypeError: Cannot read property 'list' of null
    at Tab.render (webpack:///./app/web/page/home/component/tab.tsx?:50:155)
    at processChild (C:\Users\cheng\Desktop\myMovie\myMovie\node_modules\react-dom\cjs\react-dom-server.node.development.js:2959:18)
    at resolve (C:\Users\cheng\Desktop\myMovie\myMovie\node_modules\react-dom\cjs\react-dom-server.node.development.js:2812:5)
    at ReactDOMServerRenderer.render (C:\Users\cheng\Desktop\myMovie\myMovie\node_modules\react-dom\cjs\react-dom-server.node.development.js:3202:22)
    at ReactDOMServerRenderer.read (C:\Users\cheng\Desktop\myMovie\myMovie\node_modules\react-dom\cjs\react-dom-server.node.development.js:3161:29)
    at Object.renderToString (C:\Users\cheng\Desktop\myMovie\myMovie\node_modules\react-dom\cjs\react-dom-server.node.development.js:3646:27)
    at Engine.renderToString (C:\Users\cheng\Desktop\myMovie\myMovie\node_modules\egg-view-react-ssr\lib\engine.js:130:27)
    at Engine.renderElement (C:\Users\cheng\Desktop\myMovie\myMovie\node_modules\egg-view-react-ssr\lib\engine.js:100:35)
    at C:\Users\cheng\Desktop\myMovie\myMovie\node_modules\egg-webpack-react\app.js:28:26
    at Generator.next (<anonymous>)

pid: 3376
hostname: DESKTOP-VI1R32M

2019-05-25 19:08:14,037 ERROR 3376 [-/127.0.0.1/-/66ms GET /] nodejs.TypeError: Cannot read property 'list' of null
    at Tab.render (webpack:///./app/web/page/home/component/tab.tsx?:50:155)
    at processChild (C:\Users\cheng\Desktop\myMovie\myMovie\node_modules\react-dom\cjs\react-dom-server.node.development.js:2959:18)
    at resolve (C:\Users\cheng\Desktop\myMovie\myMovie\node_modules\react-dom\cjs\react-dom-server.node.development.js:2812:5)
    at ReactDOMServerRenderer.render (C:\Users\cheng\Desktop\myMovie\myMovie\node_modules\react-dom\cjs\react-dom-server.node.development.js:3202:22)
    at ReactDOMServerRenderer.read (C:\Users\cheng\Desktop\myMovie\myMovie\node_modules\react-dom\cjs\react-dom-server.node.development.js:3161:29)
    at Object.renderToString (C:\Users\cheng\Desktop\myMovie\myMovie\node_modules\react-dom\cjs\react-dom-server.node.development.js:3646:27)
    at Engine.renderToString (C:\Users\cheng\Desktop\myMovie\myMovie\node_modules\egg-view-react-ssr\lib\engine.js:130:27)
    at Engine.renderElement (C:\Users\cheng\Desktop\myMovie\myMovie\node_modules\egg-view-react-ssr\lib\engine.js:100:35)
    at C:\Users\cheng\Desktop\myMovie\myMovie\node_modules\egg-webpack-react\app.js:28:26
    at Generator.next (<anonymous>)

pid: 3376
hostname: DESKTOP-VI1R32M

2019-05-25 19:09:46,619 ERROR 3376 [-/127.0.0.1/-/94ms GET /] nodejs.TypeError: Cannot read property 'list' of null
    at Tab.render (webpack:///./app/web/page/home/component/tab.tsx?:50:155)
    at processChild (C:\Users\cheng\Desktop\myMovie\myMovie\node_modules\react-dom\cjs\react-dom-server.node.development.js:2959:18)
    at resolve (C:\Users\cheng\Desktop\myMovie\myMovie\node_modules\react-dom\cjs\react-dom-server.node.development.js:2812:5)
    at ReactDOMServerRenderer.render (C:\Users\cheng\Desktop\myMovie\myMovie\node_modules\react-dom\cjs\react-dom-server.node.development.js:3202:22)
    at ReactDOMServerRenderer.read (C:\Users\cheng\Desktop\myMovie\myMovie\node_modules\react-dom\cjs\react-dom-server.node.development.js:3161:29)
    at Object.renderToString (C:\Users\cheng\Desktop\myMovie\myMovie\node_modules\react-dom\cjs\react-dom-server.node.development.js:3646:27)
    at Engine.renderToString (C:\Users\cheng\Desktop\myMovie\myMovie\node_modules\egg-view-react-ssr\lib\engine.js:130:27)
    at Engine.renderElement (C:\Users\cheng\Desktop\myMovie\myMovie\node_modules\egg-view-react-ssr\lib\engine.js:100:35)
    at C:\Users\cheng\Desktop\myMovie\myMovie\node_modules\egg-webpack-react\app.js:28:26
    at Generator.next (<anonymous>)

pid: 3376
hostname: DESKTOP-VI1R32M

2019-05-25 19:10:12,259 ERROR 3376 [-/127.0.0.1/-/72ms GET /] nodejs.TypeError: Cannot read property 'map' of undefined
    at List.render (webpack:///./app/web/page/home/component/list/List.tsx?:19:29)
    at processChild (C:\Users\cheng\Desktop\myMovie\myMovie\node_modules\react-dom\cjs\react-dom-server.node.development.js:2959:18)
    at resolve (C:\Users\cheng\Desktop\myMovie\myMovie\node_modules\react-dom\cjs\react-dom-server.node.development.js:2812:5)
    at ReactDOMServerRenderer.render (C:\Users\cheng\Desktop\myMovie\myMovie\node_modules\react-dom\cjs\react-dom-server.node.development.js:3202:22)
    at ReactDOMServerRenderer.read (C:\Users\cheng\Desktop\myMovie\myMovie\node_modules\react-dom\cjs\react-dom-server.node.development.js:3161:29)
    at Object.renderToString (C:\Users\cheng\Desktop\myMovie\myMovie\node_modules\react-dom\cjs\react-dom-server.node.development.js:3646:27)
    at Engine.renderToString (C:\Users\cheng\Desktop\myMovie\myMovie\node_modules\egg-view-react-ssr\lib\engine.js:130:27)
    at Engine.renderElement (C:\Users\cheng\Desktop\myMovie\myMovie\node_modules\egg-view-react-ssr\lib\engine.js:100:35)
    at C:\Users\cheng\Desktop\myMovie\myMovie\node_modules\egg-webpack-react\app.js:28:26
    at Generator.next (<anonymous>)

pid: 3376
hostname: DESKTOP-VI1R32M

2019-05-25 19:13:28,796 ERROR 3376 [-/127.0.0.1/-/92ms GET /] nodejs.ReferenceError: img is not defined
    at new Tab (webpack:///./app/web/page/home/component/tab.tsx?:28:20)
    at processChild (C:\Users\cheng\Desktop\myMovie\myMovie\node_modules\react-dom\cjs\react-dom-server.node.development.js:2846:14)
    at resolve (C:\Users\cheng\Desktop\myMovie\myMovie\node_modules\react-dom\cjs\react-dom-server.node.development.js:2812:5)
    at ReactDOMServerRenderer.render (C:\Users\cheng\Desktop\myMovie\myMovie\node_modules\react-dom\cjs\react-dom-server.node.development.js:3202:22)
    at ReactDOMServerRenderer.read (C:\Users\cheng\Desktop\myMovie\myMovie\node_modules\react-dom\cjs\react-dom-server.node.development.js:3161:29)
    at Object.renderToString (C:\Users\cheng\Desktop\myMovie\myMovie\node_modules\react-dom\cjs\react-dom-server.node.development.js:3646:27)
    at Engine.renderToString (C:\Users\cheng\Desktop\myMovie\myMovie\node_modules\egg-view-react-ssr\lib\engine.js:130:27)
    at Engine.renderElement (C:\Users\cheng\Desktop\myMovie\myMovie\node_modules\egg-view-react-ssr\lib\engine.js:100:35)
    at C:\Users\cheng\Desktop\myMovie\myMovie\node_modules\egg-webpack-react\app.js:28:26
    at Generator.next (<anonymous>)

pid: 3376
hostname: DESKTOP-VI1R32M

2019-05-25 19:14:02,739 ERROR 3376 [-/127.0.0.1/-/68ms GET /] nodejs.ReferenceError: img is not defined
    at new Tab (webpack:///./app/web/page/home/component/tab.tsx?:28:20)
    at processChild (C:\Users\cheng\Desktop\myMovie\myMovie\node_modules\react-dom\cjs\react-dom-server.node.development.js:2846:14)
    at resolve (C:\Users\cheng\Desktop\myMovie\myMovie\node_modules\react-dom\cjs\react-dom-server.node.development.js:2812:5)
    at ReactDOMServerRenderer.render (C:\Users\cheng\Desktop\myMovie\myMovie\node_modules\react-dom\cjs\react-dom-server.node.development.js:3202:22)
    at ReactDOMServerRenderer.read (C:\Users\cheng\Desktop\myMovie\myMovie\node_modules\react-dom\cjs\react-dom-server.node.development.js:3161:29)
    at Object.renderToString (C:\Users\cheng\Desktop\myMovie\myMovie\node_modules\react-dom\cjs\react-dom-server.node.development.js:3646:27)
    at Engine.renderToString (C:\Users\cheng\Desktop\myMovie\myMovie\node_modules\egg-view-react-ssr\lib\engine.js:130:27)
    at Engine.renderElement (C:\Users\cheng\Desktop\myMovie\myMovie\node_modules\egg-view-react-ssr\lib\engine.js:100:35)
    at C:\Users\cheng\Desktop\myMovie\myMovie\node_modules\egg-webpack-react\app.js:28:26
    at Generator.next (<anonymous>)

pid: 3376
hostname: DESKTOP-VI1R32M

2019-05-25 19:14:33,085 ERROR 3376 [-/127.0.0.1/-/130ms GET /] nodejs.ReferenceError: img is not defined
    at new Tab (webpack:///./app/web/page/home/component/tab.tsx?:28:20)
    at processChild (C:\Users\cheng\Desktop\myMovie\myMovie\node_modules\react-dom\cjs\react-dom-server.node.development.js:2846:14)
    at resolve (C:\Users\cheng\Desktop\myMovie\myMovie\node_modules\react-dom\cjs\react-dom-server.node.development.js:2812:5)
    at ReactDOMServerRenderer.render (C:\Users\cheng\Desktop\myMovie\myMovie\node_modules\react-dom\cjs\react-dom-server.node.development.js:3202:22)
    at ReactDOMServerRenderer.read (C:\Users\cheng\Desktop\myMovie\myMovie\node_modules\react-dom\cjs\react-dom-server.node.development.js:3161:29)
    at Object.renderToString (C:\Users\cheng\Desktop\myMovie\myMovie\node_modules\react-dom\cjs\react-dom-server.node.development.js:3646:27)
    at Engine.renderToString (C:\Users\cheng\Desktop\myMovie\myMovie\node_modules\egg-view-react-ssr\lib\engine.js:130:27)
    at Engine.renderElement (C:\Users\cheng\Desktop\myMovie\myMovie\node_modules\egg-view-react-ssr\lib\engine.js:100:35)
    at C:\Users\cheng\Desktop\myMovie\myMovie\node_modules\egg-webpack-react\app.js:28:26
    at Generator.next (<anonymous>)

pid: 3376
hostname: DESKTOP-VI1R32M

2019-05-25 19:15:15,562 ERROR 3376 [-/127.0.0.1/-/76ms GET /] nodejs.ReferenceError: img is not defined
    at new Tab (webpack:///./app/web/page/home/component/tab.tsx?:28:20)
    at processChild (C:\Users\cheng\Desktop\myMovie\myMovie\node_modules\react-dom\cjs\react-dom-server.node.development.js:2846:14)
    at resolve (C:\Users\cheng\Desktop\myMovie\myMovie\node_modules\react-dom\cjs\react-dom-server.node.development.js:2812:5)
    at ReactDOMServerRenderer.render (C:\Users\cheng\Desktop\myMovie\myMovie\node_modules\react-dom\cjs\react-dom-server.node.development.js:3202:22)
    at ReactDOMServerRenderer.read (C:\Users\cheng\Desktop\myMovie\myMovie\node_modules\react-dom\cjs\react-dom-server.node.development.js:3161:29)
    at Object.renderToString (C:\Users\cheng\Desktop\myMovie\myMovie\node_modules\react-dom\cjs\react-dom-server.node.development.js:3646:27)
    at Engine.renderToString (C:\Users\cheng\Desktop\myMovie\myMovie\node_modules\egg-view-react-ssr\lib\engine.js:130:27)
    at Engine.renderElement (C:\Users\cheng\Desktop\myMovie\myMovie\node_modules\egg-view-react-ssr\lib\engine.js:100:35)
    at C:\Users\cheng\Desktop\myMovie\myMovie\node_modules\egg-webpack-react\app.js:28:26
    at Generator.next (<anonymous>)

pid: 3376
hostname: DESKTOP-VI1R32M

2019-05-25 19:16:35,548 ERROR 3376 [-/127.0.0.1/-/78ms GET /] nodejs.ReferenceError: img is not defined
    at new Tab (webpack:///./app/web/page/home/component/tab.tsx?:28:20)
    at processChild (C:\Users\cheng\Desktop\myMovie\myMovie\node_modules\react-dom\cjs\react-dom-server.node.development.js:2846:14)
    at resolve (C:\Users\cheng\Desktop\myMovie\myMovie\node_modules\react-dom\cjs\react-dom-server.node.development.js:2812:5)
    at ReactDOMServerRenderer.render (C:\Users\cheng\Desktop\myMovie\myMovie\node_modules\react-dom\cjs\react-dom-server.node.development.js:3202:22)
    at ReactDOMServerRenderer.read (C:\Users\cheng\Desktop\myMovie\myMovie\node_modules\react-dom\cjs\react-dom-server.node.development.js:3161:29)
    at Object.renderToString (C:\Users\cheng\Desktop\myMovie\myMovie\node_modules\react-dom\cjs\react-dom-server.node.development.js:3646:27)
    at Engine.renderToString (C:\Users\cheng\Desktop\myMovie\myMovie\node_modules\egg-view-react-ssr\lib\engine.js:130:27)
    at Engine.renderElement (C:\Users\cheng\Desktop\myMovie\myMovie\node_modules\egg-view-react-ssr\lib\engine.js:100:35)
    at C:\Users\cheng\Desktop\myMovie\myMovie\node_modules\egg-webpack-react\app.js:28:26
    at Generator.next (<anonymous>)

pid: 3376
hostname: DESKTOP-VI1R32M

2019-05-25 19:16:37,393 ERROR 3376 [-/127.0.0.1/-/101ms GET /] nodejs.ReferenceError: img is not defined
    at new Tab (webpack:///./app/web/page/home/component/tab.tsx?:28:20)
    at processChild (C:\Users\cheng\Desktop\myMovie\myMovie\node_modules\react-dom\cjs\react-dom-server.node.development.js:2846:14)
    at resolve (C:\Users\cheng\Desktop\myMovie\myMovie\node_modules\react-dom\cjs\react-dom-server.node.development.js:2812:5)
    at ReactDOMServerRenderer.render (C:\Users\cheng\Desktop\myMovie\myMovie\node_modules\react-dom\cjs\react-dom-server.node.development.js:3202:22)
    at ReactDOMServerRenderer.read (C:\Users\cheng\Desktop\myMovie\myMovie\node_modules\react-dom\cjs\react-dom-server.node.development.js:3161:29)
    at Object.renderToString (C:\Users\cheng\Desktop\myMovie\myMovie\node_modules\react-dom\cjs\react-dom-server.node.development.js:3646:27)
    at Engine.renderToString (C:\Users\cheng\Desktop\myMovie\myMovie\node_modules\egg-view-react-ssr\lib\engine.js:130:27)
    at Engine.renderElement (C:\Users\cheng\Desktop\myMovie\myMovie\node_modules\egg-view-react-ssr\lib\engine.js:100:35)
    at C:\Users\cheng\Desktop\myMovie\myMovie\node_modules\egg-webpack-react\app.js:28:26
    at Generator.next (<anonymous>)

pid: 3376
hostname: DESKTOP-VI1R32M

2019-05-25 19:17:51,547 ERROR 8576 [-/undefined/-/3490ms GET /] nodejs.ECONNRESETError: write ECONNRESET
    at afterWriteDispatched (internal/stream_base_commons.js:78:25)
    at writeGeneric (internal/stream_base_commons.js:73:3)
    at Socket._writeGeneric (net.js:704:5)
    at Socket._write (net.js:716:8)
    at doWrite (_stream_writable.js:410:12)
    at clearBuffer (_stream_writable.js:540:7)
    at Socket.Writable.uncork (_stream_writable.js:314:7)
    at ServerResponse.end (_http_outgoing.js:721:21)
    at respond (C:\Users\cheng\Desktop\myMovie\myMovie\node_modules\egg-core\node_modules\koa\lib\application.js:239:43)
    at handleResponse (C:\Users\cheng\Desktop\myMovie\myMovie\node_modules\egg-core\node_modules\koa\lib\application.js:149:34)
errno: "ECONNRESET"
code: "ECONNRESET"
syscall: "write"
headerSent: true
name: "ECONNRESETError"
pid: 8576
hostname: DESKTOP-VI1R32M

2019-05-25 19:18:24,275 ERROR 8576 [-/127.0.0.1/-/94ms GET /] nodejs.ReferenceError: List is not defined
    at Tab.render (webpack:///./app/web/page/home/component/tab.tsx?:51:84)
    at processChild (C:\Users\cheng\Desktop\myMovie\myMovie\node_modules\react-dom\cjs\react-dom-server.node.development.js:2959:18)
    at resolve (C:\Users\cheng\Desktop\myMovie\myMovie\node_modules\react-dom\cjs\react-dom-server.node.development.js:2812:5)
    at ReactDOMServerRenderer.render (C:\Users\cheng\Desktop\myMovie\myMovie\node_modules\react-dom\cjs\react-dom-server.node.development.js:3202:22)
    at ReactDOMServerRenderer.read (C:\Users\cheng\Desktop\myMovie\myMovie\node_modules\react-dom\cjs\react-dom-server.node.development.js:3161:29)
    at Object.renderToString (C:\Users\cheng\Desktop\myMovie\myMovie\node_modules\react-dom\cjs\react-dom-server.node.development.js:3646:27)
    at Engine.renderToString (C:\Users\cheng\Desktop\myMovie\myMovie\node_modules\egg-view-react-ssr\lib\engine.js:130:27)
    at Engine.renderElement (C:\Users\cheng\Desktop\myMovie\myMovie\node_modules\egg-view-react-ssr\lib\engine.js:100:35)
    at C:\Users\cheng\Desktop\myMovie\myMovie\node_modules\egg-webpack-react\app.js:28:26
    at Generator.next (<anonymous>)

pid: 8576
hostname: DESKTOP-VI1R32M

2019-05-25 19:33:48,571 ERROR 2020 [-/127.0.0.1/-/13466ms GET /] nodejs.MODULE_NOT_FOUNDError: Cannot find module './list.css'
    at webpackMissingModule (webpack:///./app/web/page/home/component/list/ListItem.tsx?:6:45)
    at eval (webpack:///./app/web/page/home/component/list/ListItem.tsx?:6:130)
    at Module../app/web/page/home/component/list/ListItem.tsx (evalmachine.<anonymous>:167:1)
    at __webpack_require__ (evalmachine.<anonymous>:20:30)
    at eval (webpack:///./app/web/page/home/component/list/List.tsx?:6:67)
    at Module../app/web/page/home/component/list/List.tsx (evalmachine.<anonymous>:155:1)
    at __webpack_require__ (evalmachine.<anonymous>:20:30)
    at eval (webpack:///./app/web/page/home/component/tab.tsx?:11:68)
    at Module../app/web/page/home/component/tab.tsx (evalmachine.<anonymous>:190:1)
    at __webpack_require__ (evalmachine.<anonymous>:20:30)
code: "MODULE_NOT_FOUND"
name: "MODULE_NOT_FOUNDError"
pid: 2020
hostname: DESKTOP-VI1R32M

2019-05-25 19:33:54,905 ERROR 2020 [-/undefined/-/179ms GET /] nodejs.MODULE_NOT_FOUNDError: Cannot find module './list.css'
    at webpackMissingModule (webpack:///./app/web/page/home/component/list/ListItem.tsx?:6:45)
    at eval (webpack:///./app/web/page/home/component/list/ListItem.tsx?:6:130)
    at Module../app/web/page/home/component/list/ListItem.tsx (evalmachine.<anonymous>:167:1)
    at __webpack_require__ (evalmachine.<anonymous>:20:30)
    at eval (webpack:///./app/web/page/home/component/list/List.tsx?:6:67)
    at Module../app/web/page/home/component/list/List.tsx (evalmachine.<anonymous>:155:1)
    at __webpack_require__ (evalmachine.<anonymous>:20:30)
    at eval (webpack:///./app/web/page/home/component/tab.tsx?:11:68)
    at Module../app/web/page/home/component/tab.tsx (evalmachine.<anonymous>:190:1)
    at __webpack_require__ (evalmachine.<anonymous>:20:30)
code: "MODULE_NOT_FOUND"
headerSent: true
name: "MODULE_NOT_FOUNDError"
pid: 2020
hostname: DESKTOP-VI1R32M

2019-05-25 19:33:54,909 ERROR 2020 [-/undefined/-/179ms GET /] nodejs.MODULE_NOT_FOUNDError: Cannot find module './list.css'
    at webpackMissingModule (webpack:///./app/web/page/home/component/list/ListItem.tsx?:6:45)
    at eval (webpack:///./app/web/page/home/component/list/ListItem.tsx?:6:130)
    at Module../app/web/page/home/component/list/ListItem.tsx (evalmachine.<anonymous>:167:1)
    at __webpack_require__ (evalmachine.<anonymous>:20:30)
    at eval (webpack:///./app/web/page/home/component/list/List.tsx?:6:67)
    at Module../app/web/page/home/component/list/List.tsx (evalmachine.<anonymous>:155:1)
    at __webpack_require__ (evalmachine.<anonymous>:20:30)
    at eval (webpack:///./app/web/page/home/component/tab.tsx?:11:68)
    at Module../app/web/page/home/component/tab.tsx (evalmachine.<anonymous>:190:1)
    at __webpack_require__ (evalmachine.<anonymous>:20:30)
code: "MODULE_NOT_FOUND"
headerSent: true
name: "MODULE_NOT_FOUNDError"
pid: 2020
hostname: DESKTOP-VI1R32M

2019-05-25 19:33:54,913 ERROR 2020 [-/undefined/-/176ms GET /] nodejs.MODULE_NOT_FOUNDError: Cannot find module './list.css'
    at webpackMissingModule (webpack:///./app/web/page/home/component/list/ListItem.tsx?:6:45)
    at eval (webpack:///./app/web/page/home/component/list/ListItem.tsx?:6:130)
    at Module../app/web/page/home/component/list/ListItem.tsx (evalmachine.<anonymous>:167:1)
    at __webpack_require__ (evalmachine.<anonymous>:20:30)
    at eval (webpack:///./app/web/page/home/component/list/List.tsx?:6:67)
    at Module../app/web/page/home/component/list/List.tsx (evalmachine.<anonymous>:155:1)
    at __webpack_require__ (evalmachine.<anonymous>:20:30)
    at eval (webpack:///./app/web/page/home/component/tab.tsx?:11:68)
    at Module../app/web/page/home/component/tab.tsx (evalmachine.<anonymous>:190:1)
    at __webpack_require__ (evalmachine.<anonymous>:20:30)
code: "MODULE_NOT_FOUND"
headerSent: true
name: "MODULE_NOT_FOUNDError"
pid: 2020
hostname: DESKTOP-VI1R32M

2019-05-25 19:33:54,916 ERROR 2020 [-/undefined/-/172ms GET /] nodejs.MODULE_NOT_FOUNDError: Cannot find module './list.css'
    at webpackMissingModule (webpack:///./app/web/page/home/component/list/ListItem.tsx?:6:45)
    at eval (webpack:///./app/web/page/home/component/list/ListItem.tsx?:6:130)
    at Module../app/web/page/home/component/list/ListItem.tsx (evalmachine.<anonymous>:167:1)
    at __webpack_require__ (evalmachine.<anonymous>:20:30)
    at eval (webpack:///./app/web/page/home/component/list/List.tsx?:6:67)
    at Module../app/web/page/home/component/list/List.tsx (evalmachine.<anonymous>:155:1)
    at __webpack_require__ (evalmachine.<anonymous>:20:30)
    at eval (webpack:///./app/web/page/home/component/tab.tsx?:11:68)
    at Module../app/web/page/home/component/tab.tsx (evalmachine.<anonymous>:190:1)
    at __webpack_require__ (evalmachine.<anonymous>:20:30)
code: "MODULE_NOT_FOUND"
headerSent: true
name: "MODULE_NOT_FOUNDError"
pid: 2020
hostname: DESKTOP-VI1R32M

2019-05-25 19:33:54,920 ERROR 2020 [-/undefined/-/170ms GET /] nodejs.MODULE_NOT_FOUNDError: Cannot find module './list.css'
    at webpackMissingModule (webpack:///./app/web/page/home/component/list/ListItem.tsx?:6:45)
    at eval (webpack:///./app/web/page/home/component/list/ListItem.tsx?:6:130)
    at Module../app/web/page/home/component/list/ListItem.tsx (evalmachine.<anonymous>:167:1)
    at __webpack_require__ (evalmachine.<anonymous>:20:30)
    at eval (webpack:///./app/web/page/home/component/list/List.tsx?:6:67)
    at Module../app/web/page/home/component/list/List.tsx (evalmachine.<anonymous>:155:1)
    at __webpack_require__ (evalmachine.<anonymous>:20:30)
    at eval (webpack:///./app/web/page/home/component/tab.tsx?:11:68)
    at Module../app/web/page/home/component/tab.tsx (evalmachine.<anonymous>:190:1)
    at __webpack_require__ (evalmachine.<anonymous>:20:30)
code: "MODULE_NOT_FOUND"
headerSent: true
name: "MODULE_NOT_FOUNDError"
pid: 2020
hostname: DESKTOP-VI1R32M

2019-05-25 19:33:54,922 ERROR 2020 [-/127.0.0.1/-/168ms GET /] nodejs.MODULE_NOT_FOUNDError: Cannot find module './list.css'
    at webpackMissingModule (webpack:///./app/web/page/home/component/list/ListItem.tsx?:6:45)
    at eval (webpack:///./app/web/page/home/component/list/ListItem.tsx?:6:130)
    at Module../app/web/page/home/component/list/ListItem.tsx (evalmachine.<anonymous>:167:1)
    at __webpack_require__ (evalmachine.<anonymous>:20:30)
    at eval (webpack:///./app/web/page/home/component/list/List.tsx?:6:67)
    at Module../app/web/page/home/component/list/List.tsx (evalmachine.<anonymous>:155:1)
    at __webpack_require__ (evalmachine.<anonymous>:20:30)
    at eval (webpack:///./app/web/page/home/component/tab.tsx?:11:68)
    at Module../app/web/page/home/component/tab.tsx (evalmachine.<anonymous>:190:1)
    at __webpack_require__ (evalmachine.<anonymous>:20:30)
code: "MODULE_NOT_FOUND"
name: "MODULE_NOT_FOUNDError"
pid: 2020
hostname: DESKTOP-VI1R32M

2019-05-25 19:56:39,393 ERROR 10804 [-/127.0.0.1/-/6ms GET /detail] nodejs.Error: read webpack memory file[C:\Users\cheng\Desktop\myMovie\myMovie\app\view\detail.js] content is empty, please check if the file exists
    at C:\Users\cheng\Desktop\myMovie\myMovie\node_modules\egg-webpack-react\app.js:20:17
    at Generator.next (<anonymous>)
    at onFulfilled (C:\Users\cheng\Desktop\myMovie\myMovie\node_modules\co\index.js:65:19)
    at process._tickCallback (internal/process/next_tick.js:68:7)

pid: 10804
hostname: DESKTOP-VI1R32M

2019-05-25 19:58:03,761 ERROR 2980 [-/undefined/-/3830ms GET /] nodejs.ECONNRESETError: write ECONNRESET
    at afterWriteDispatched (internal/stream_base_commons.js:78:25)
    at writeGeneric (internal/stream_base_commons.js:73:3)
    at Socket._writeGeneric (net.js:704:5)
    at Socket._write (net.js:716:8)
    at doWrite (_stream_writable.js:410:12)
    at clearBuffer (_stream_writable.js:540:7)
    at Socket.Writable.uncork (_stream_writable.js:314:7)
    at ServerResponse.end (_http_outgoing.js:721:21)
    at respond (C:\Users\cheng\Desktop\myMovie\myMovie\node_modules\egg-core\node_modules\koa\lib\application.js:239:43)
    at handleResponse (C:\Users\cheng\Desktop\myMovie\myMovie\node_modules\egg-core\node_modules\koa\lib\application.js:149:34)
errno: "ECONNRESET"
code: "ECONNRESET"
syscall: "write"
headerSent: true
name: "ECONNRESETError"
pid: 2980
hostname: DESKTOP-VI1R32M

2019-05-25 19:58:03,807 ERROR 2980 [-/127.0.0.1/-/13ms GET /detail] nodejs.MODULE_NOT_FOUNDError: Cannot find module './compoennt/Detail'
    at webpackMissingModule (webpack:///./app/web/page/detail/index.tsx?:11:45)
    at eval (webpack:///./app/web/page/detail/index.tsx?:11:138)
    at Module../app/web/page/detail/index.tsx (evalmachine.<anonymous>:109:1)
    at __webpack_require__ (evalmachine.<anonymous>:20:30)
    at evalmachine.<anonymous>:84:18
    at evalmachine.<anonymous>:87:10
    at C:\Users\cheng\Desktop\myMovie\myMovie\node_modules\egg-webpack-react\app.js:23:37
    at Generator.next (<anonymous>)
    at onFulfilled (C:\Users\cheng\Desktop\myMovie\myMovie\node_modules\co\index.js:65:19)
    at process._tickCallback (internal/process/next_tick.js:68:7)
code: "MODULE_NOT_FOUND"
name: "MODULE_NOT_FOUNDError"
pid: 2980
hostname: DESKTOP-VI1R32M

2019-05-25 20:07:18,998 ERROR 2992 [-/undefined/-/3152ms GET /] nodejs.ECONNRESETError: write ECONNRESET
    at afterWriteDispatched (internal/stream_base_commons.js:78:25)
    at writeGeneric (internal/stream_base_commons.js:73:3)
    at Socket._writeGeneric (net.js:704:5)
    at Socket._write (net.js:716:8)
    at doWrite (_stream_writable.js:410:12)
    at clearBuffer (_stream_writable.js:540:7)
    at Socket.Writable.uncork (_stream_writable.js:314:7)
    at ServerResponse.end (_http_outgoing.js:721:21)
    at respond (C:\Users\cheng\Desktop\myMovie\myMovie\node_modules\egg-core\node_modules\koa\lib\application.js:239:43)
    at handleResponse (C:\Users\cheng\Desktop\myMovie\myMovie\node_modules\egg-core\node_modules\koa\lib\application.js:149:34)
errno: "ECONNRESET"
code: "ECONNRESET"
syscall: "write"
headerSent: true
name: "ECONNRESETError"
pid: 2992
hostname: DESKTOP-VI1R32M

2019-05-25 20:08:55,379 ERROR 9464 [-/undefined/-/3789ms GET /] nodejs.ECONNRESETError: write ECONNRESET
    at afterWriteDispatched (internal/stream_base_commons.js:78:25)
    at writeGeneric (internal/stream_base_commons.js:73:3)
    at Socket._writeGeneric (net.js:704:5)
    at Socket._write (net.js:716:8)
    at doWrite (_stream_writable.js:410:12)
    at clearBuffer (_stream_writable.js:540:7)
    at Socket.Writable.uncork (_stream_writable.js:314:7)
    at ServerResponse.end (_http_outgoing.js:721:21)
    at respond (C:\Users\cheng\Desktop\myMovie\myMovie\node_modules\egg-core\node_modules\koa\lib\application.js:239:43)
    at handleResponse (C:\Users\cheng\Desktop\myMovie\myMovie\node_modules\egg-core\node_modules\koa\lib\application.js:149:34)
errno: "ECONNRESET"
code: "ECONNRESET"
syscall: "write"
headerSent: true
name: "ECONNRESETError"
pid: 9464
hostname: DESKTOP-VI1R32M

