2019-05-27 00:00:01,024 INFO 2900 [egg-logrotator] app logger reload: got log-reload message
2019-05-27 03:41:23,792 WARN 2900 [TCPBase] socket is closed by other side while there were still unhandled data in the socket buffer
2019-05-27 03:41:23,953 WARN 2900 [ClusterClient:Watcher] follower closed, and try to init it again
2019-05-27 21:24:47,140 WARN 2900 [ClusterClient:Watcher] follower closed, and try to init it again
2019-05-27 21:24:47,146 INFO 2900 [-/127.0.0.1/-/1ms SCHEDULE /__schedule?path=C:\Users\cheng\Desktop\myMovie\app\myMovie\node_modules\egg-multipart\app\schedule\clean_tmpdir.js&type=worker&cron=0%2030%204%20*%20*%20*&immediate=false] [egg-multipart:CleanTmpdir] start clean tmpdir: "C:\\Users\\cheng\\AppData\\Local\\Temp\\egg-multipart-tmp\\myMovie"
2019-05-27 21:24:47,489 INFO 2900 [-/127.0.0.1/-/344ms SCHEDULE /__schedule?path=C:\Users\cheng\Desktop\myMovie\app\myMovie\node_modules\egg-multipart\app\schedule\clean_tmpdir.js&type=worker&cron=0%2030%204%20*%20*%20*&immediate=false] [egg-multipart:CleanTmpdir] end
2019-05-27 22:10:51,204 INFO 3992 [egg:logger] init all loggers with options: {"dir":"C:\\Users\\cheng\\Desktop\\myMovie\\app\\myMovie\\logs","encoding":"utf8","env":"local","level":"INFO","consoleLevel":"DEBUG","disableConsoleAfterReady":false,"outputJSON":false,"buffer":true,"appLogName":"myMovie-web.log","coreLogName":"egg-web.log","agentLogName":"egg-agent.log","errorLogName":"common-error.log","coreLogger":{"consoleLevel":"WARN"},"allowDebugAtProd":false,"type":"application"}
2019-05-27 22:10:51,309 INFO 3992 [egg-multipart] stream mode enable
2019-05-27 22:10:52,357 INFO 3992 [egg-mongoose] connecting mongodb://127.0.0.1/movies
2019-05-27 22:10:52,601 INFO 3992 [egg-static] starting static serve /public/ -> C:\Users\cheng\Desktop\myMovie\app\myMovie\public
2019-05-27 22:10:52,609 INFO 3992 [egg-security] use csrf middleware
2019-05-27 22:10:52,613 INFO 3992 [egg-security] use methodnoallow middleware
2019-05-27 22:10:52,615 INFO 3992 [egg-security] use noopen middleware
2019-05-27 22:10:52,618 INFO 3992 [egg-security] use nosniff middleware
2019-05-27 22:10:52,621 INFO 3992 [egg-security] use xssProtection middleware
2019-05-27 22:10:52,623 INFO 3992 [egg-security] use xframe middleware
2019-05-27 22:10:52,624 INFO 3992 [egg-security] use dta middleware
2019-05-27 22:10:52,624 INFO 3992 [egg-security] compose 7 middlewares into one security middleware
2019-05-27 22:10:58,691 INFO 3992 [egg:core] dump config after load, 47ms
2019-05-27 22:10:58,699 INFO 3992 [egg-mongoose] starting...
2019-05-27 22:10:58,857 INFO 3992 [egg-mongoose] mongodb://127.0.0.1/movies connected successfully
2019-05-27 22:10:58,859 INFO 3992 [egg-mongoose] instance[0] start successfully
2019-05-27 22:10:58,869 INFO 3992 [egg-watcher:application] watcher start success
2019-05-27 22:10:58,921 INFO 3992 [egg:core] dump config after ready, 43ms
2019-05-27 22:11:04,892 INFO 8336 [egg:logger] init all loggers with options: {"dir":"C:\\Users\\cheng\\Desktop\\myMovie\\app\\myMovie\\logs","encoding":"utf8","env":"local","level":"INFO","consoleLevel":"DEBUG","disableConsoleAfterReady":false,"outputJSON":false,"buffer":true,"appLogName":"myMovie-web.log","coreLogName":"egg-web.log","agentLogName":"egg-agent.log","errorLogName":"common-error.log","coreLogger":{"consoleLevel":"WARN"},"allowDebugAtProd":false,"type":"application"}
2019-05-27 22:11:04,986 INFO 8336 [egg-multipart] stream mode enable
2019-05-27 22:11:05,930 INFO 8336 [egg-mongoose] connecting mongodb://127.0.0.1/movies
2019-05-27 22:11:06,130 INFO 8336 [egg-static] starting static serve /public/ -> C:\Users\cheng\Desktop\myMovie\app\myMovie\public
2019-05-27 22:11:06,139 INFO 8336 [egg-security] use csrf middleware
2019-05-27 22:11:06,142 INFO 8336 [egg-security] use methodnoallow middleware
2019-05-27 22:11:06,144 INFO 8336 [egg-security] use noopen middleware
2019-05-27 22:11:06,148 INFO 8336 [egg-security] use nosniff middleware
2019-05-27 22:11:06,149 INFO 8336 [egg-security] use xssProtection middleware
2019-05-27 22:11:06,151 INFO 8336 [egg-security] use xframe middleware
2019-05-27 22:11:06,153 INFO 8336 [egg-security] use dta middleware
2019-05-27 22:11:06,153 INFO 8336 [egg-security] compose 7 middlewares into one security middleware
2019-05-27 22:11:06,462 INFO 8336 [egg:core] dump config after load, 20ms
2019-05-27 22:11:06,469 INFO 8336 [egg-mongoose] starting...
2019-05-27 22:11:06,562 INFO 8336 [egg-mongoose] mongodb://127.0.0.1/movies connected successfully
2019-05-27 22:11:06,564 INFO 8336 [egg-mongoose] instance[0] start successfully
2019-05-27 22:11:06,575 INFO 8336 [egg-watcher:application] watcher start success
2019-05-27 22:11:06,616 INFO 8336 [egg:core] dump config after ready, 32ms
2019-05-27 22:16:50,048 INFO 12388 [egg:logger] init all loggers with options: {"dir":"C:\\Users\\cheng\\Desktop\\myMovie\\app\\myMovie\\logs","encoding":"utf8","env":"local","level":"INFO","consoleLevel":"DEBUG","disableConsoleAfterReady":false,"outputJSON":false,"buffer":true,"appLogName":"myMovie-web.log","coreLogName":"egg-web.log","agentLogName":"egg-agent.log","errorLogName":"common-error.log","coreLogger":{"consoleLevel":"WARN"},"allowDebugAtProd":false,"type":"application"}
2019-05-27 22:16:50,128 INFO 12388 [egg-multipart] stream mode enable
2019-05-27 22:16:50,972 INFO 12388 [egg-mongoose] connecting mongodb://127.0.0.1/movies
2019-05-27 22:16:51,151 INFO 12388 [egg-static] starting static serve /public/ -> C:\Users\cheng\Desktop\myMovie\app\myMovie\public
2019-05-27 22:16:51,157 INFO 12388 [egg-security] use csrf middleware
2019-05-27 22:16:51,160 INFO 12388 [egg-security] use methodnoallow middleware
2019-05-27 22:16:51,162 INFO 12388 [egg-security] use noopen middleware
2019-05-27 22:16:51,165 INFO 12388 [egg-security] use nosniff middleware
2019-05-27 22:16:51,166 INFO 12388 [egg-security] use xssProtection middleware
2019-05-27 22:16:51,167 INFO 12388 [egg-security] use xframe middleware
2019-05-27 22:16:51,169 INFO 12388 [egg-security] use dta middleware
2019-05-27 22:16:51,169 INFO 12388 [egg-security] compose 7 middlewares into one security middleware
2019-05-27 22:16:55,780 INFO 12388 [egg:core] dump config after load, 24ms
2019-05-27 22:16:55,788 INFO 12388 [egg-mongoose] starting...
2019-05-27 22:16:55,922 INFO 12388 [egg-mongoose] mongodb://127.0.0.1/movies connected successfully
2019-05-27 22:16:55,924 INFO 12388 [egg-mongoose] instance[0] start successfully
2019-05-27 22:16:55,935 INFO 12388 [egg-watcher:application] watcher start success
2019-05-27 22:16:55,986 INFO 12388 [egg:core] dump config after ready, 44ms
2019-05-27 22:45:08,363 INFO 13760 [egg:logger] init all loggers with options: {"dir":"C:\\Users\\cheng\\Desktop\\myMovie\\app\\myMovie\\logs","encoding":"utf8","env":"local","level":"INFO","consoleLevel":"DEBUG","disableConsoleAfterReady":false,"outputJSON":false,"buffer":true,"appLogName":"myMovie-web.log","coreLogName":"egg-web.log","agentLogName":"egg-agent.log","errorLogName":"common-error.log","coreLogger":{"consoleLevel":"WARN"},"allowDebugAtProd":false,"type":"application"}
2019-05-27 22:45:08,461 INFO 13760 [egg-multipart] stream mode enable
2019-05-27 22:45:09,186 INFO 13760 [egg-mongoose] connecting mongodb://127.0.0.1/movies
2019-05-27 22:45:09,363 INFO 13760 [egg-static] starting static serve /public/ -> C:\Users\cheng\Desktop\myMovie\app\myMovie\public
2019-05-27 22:45:09,368 INFO 13760 [egg-security] use csrf middleware
2019-05-27 22:45:09,371 INFO 13760 [egg-security] use methodnoallow middleware
2019-05-27 22:45:09,372 INFO 13760 [egg-security] use noopen middleware
2019-05-27 22:45:09,375 INFO 13760 [egg-security] use nosniff middleware
2019-05-27 22:45:09,376 INFO 13760 [egg-security] use xssProtection middleware
2019-05-27 22:45:09,377 INFO 13760 [egg-security] use xframe middleware
2019-05-27 22:45:09,378 INFO 13760 [egg-security] use dta middleware
2019-05-27 22:45:09,378 INFO 13760 [egg-security] compose 7 middlewares into one security middleware
2019-05-27 22:45:14,108 INFO 13760 [egg:core] dump config after load, 18ms
2019-05-27 22:45:14,115 INFO 13760 [egg-mongoose] starting...
2019-05-27 22:45:14,238 INFO 13760 [egg-watcher:application] watcher start success
2019-05-27 22:45:14,249 INFO 13760 [egg-mongoose] mongodb://127.0.0.1/movies connected successfully
2019-05-27 22:45:14,252 INFO 13760 [egg-mongoose] instance[0] start successfully
2019-05-27 22:45:14,296 INFO 13760 [egg:core] dump config after ready, 35ms
2019-05-27 22:47:01,446 INFO 7888 [egg:logger] init all loggers with options: {"dir":"C:\\Users\\cheng\\Desktop\\myMovie\\app\\myMovie\\logs","encoding":"utf8","env":"local","level":"INFO","consoleLevel":"DEBUG","disableConsoleAfterReady":false,"outputJSON":false,"buffer":true,"appLogName":"myMovie-web.log","coreLogName":"egg-web.log","agentLogName":"egg-agent.log","errorLogName":"common-error.log","coreLogger":{"consoleLevel":"WARN"},"allowDebugAtProd":false,"type":"application"}
2019-05-27 22:47:01,533 INFO 7888 [egg-multipart] stream mode enable
2019-05-27 22:47:02,357 INFO 7888 [egg-mongoose] connecting mongodb://127.0.0.1/movies
2019-05-27 22:47:02,636 INFO 7888 [egg-static] starting static serve /public/ -> C:\Users\cheng\Desktop\myMovie\app\myMovie\public
2019-05-27 22:47:02,643 INFO 7888 [egg-security] use csrf middleware
2019-05-27 22:47:02,647 INFO 7888 [egg-security] use methodnoallow middleware
2019-05-27 22:47:02,649 INFO 7888 [egg-security] use noopen middleware
2019-05-27 22:47:02,652 INFO 7888 [egg-security] use nosniff middleware
2019-05-27 22:47:02,654 INFO 7888 [egg-security] use xssProtection middleware
2019-05-27 22:47:02,655 INFO 7888 [egg-security] use xframe middleware
2019-05-27 22:47:02,656 INFO 7888 [egg-security] use dta middleware
2019-05-27 22:47:02,656 INFO 7888 [egg-security] compose 7 middlewares into one security middleware
2019-05-27 22:47:07,582 INFO 7888 [egg:core] dump config after load, 20ms
2019-05-27 22:47:07,590 INFO 7888 [egg-mongoose] starting...
2019-05-27 22:47:07,710 INFO 7888 [egg-watcher:application] watcher start success
2019-05-27 22:47:07,742 INFO 7888 [egg-mongoose] mongodb://127.0.0.1/movies connected successfully
2019-05-27 22:47:07,745 INFO 7888 [egg-mongoose] instance[0] start successfully
2019-05-27 22:47:07,848 INFO 7888 [egg:core] dump config after ready, 94ms
2019-05-27 22:48:00,068 INFO 12620 [egg:logger] init all loggers with options: {"dir":"C:\\Users\\cheng\\Desktop\\myMovie\\app\\myMovie\\logs","encoding":"utf8","env":"local","level":"INFO","consoleLevel":"DEBUG","disableConsoleAfterReady":false,"outputJSON":false,"buffer":true,"appLogName":"myMovie-web.log","coreLogName":"egg-web.log","agentLogName":"egg-agent.log","errorLogName":"common-error.log","coreLogger":{"consoleLevel":"WARN"},"allowDebugAtProd":false,"type":"application"}
2019-05-27 22:48:00,172 INFO 12620 [egg-multipart] stream mode enable
2019-05-27 22:48:01,112 INFO 12620 [egg-mongoose] connecting mongodb://127.0.0.1/movies
2019-05-27 22:48:01,370 INFO 12620 [egg-static] starting static serve /public/ -> C:\Users\cheng\Desktop\myMovie\app\myMovie\public
2019-05-27 22:48:01,380 INFO 12620 [egg-security] use csrf middleware
2019-05-27 22:48:01,383 INFO 12620 [egg-security] use methodnoallow middleware
2019-05-27 22:48:01,385 INFO 12620 [egg-security] use noopen middleware
2019-05-27 22:48:01,390 INFO 12620 [egg-security] use nosniff middleware
2019-05-27 22:48:01,393 INFO 12620 [egg-security] use xssProtection middleware
2019-05-27 22:48:01,395 INFO 12620 [egg-security] use xframe middleware
2019-05-27 22:48:01,396 INFO 12620 [egg-security] use dta middleware
2019-05-27 22:48:01,396 INFO 12620 [egg-security] compose 7 middlewares into one security middleware
2019-05-27 22:48:06,915 INFO 12620 [egg:core] dump config after load, 17ms
2019-05-27 22:48:06,925 INFO 12620 [egg-mongoose] starting...
2019-05-27 22:48:07,069 INFO 12620 [egg-mongoose] mongodb://127.0.0.1/movies connected successfully
2019-05-27 22:48:07,072 INFO 12620 [egg-mongoose] instance[0] start successfully
2019-05-27 22:48:07,081 INFO 12620 [egg-watcher:application] watcher start success
2019-05-27 22:48:07,159 INFO 12620 [egg:core] dump config after ready, 70ms
2019-05-27 22:49:16,767 INFO 9260 [egg:logger] init all loggers with options: {"dir":"C:\\Users\\cheng\\Desktop\\myMovie\\app\\myMovie\\logs","encoding":"utf8","env":"local","level":"INFO","consoleLevel":"DEBUG","disableConsoleAfterReady":false,"outputJSON":false,"buffer":true,"appLogName":"myMovie-web.log","coreLogName":"egg-web.log","agentLogName":"egg-agent.log","errorLogName":"common-error.log","coreLogger":{"consoleLevel":"WARN"},"allowDebugAtProd":false,"type":"application"}
2019-05-27 22:49:16,848 INFO 9260 [egg-multipart] stream mode enable
2019-05-27 22:49:17,593 INFO 9260 [egg-mongoose] connecting mongodb://127.0.0.1/movies
2019-05-27 22:49:17,767 INFO 9260 [egg-static] starting static serve /public/ -> C:\Users\cheng\Desktop\myMovie\app\myMovie\public
2019-05-27 22:49:17,773 INFO 9260 [egg-security] use csrf middleware
2019-05-27 22:49:17,777 INFO 9260 [egg-security] use methodnoallow middleware
2019-05-27 22:49:17,779 INFO 9260 [egg-security] use noopen middleware
2019-05-27 22:49:17,782 INFO 9260 [egg-security] use nosniff middleware
2019-05-27 22:49:17,783 INFO 9260 [egg-security] use xssProtection middleware
2019-05-27 22:49:17,784 INFO 9260 [egg-security] use xframe middleware
2019-05-27 22:49:17,785 INFO 9260 [egg-security] use dta middleware
2019-05-27 22:49:17,785 INFO 9260 [egg-security] compose 7 middlewares into one security middleware
2019-05-27 22:49:18,071 INFO 9260 [egg:core] dump config after load, 17ms
2019-05-27 22:49:18,077 INFO 9260 [egg-mongoose] starting...
2019-05-27 22:49:18,170 INFO 9260 [egg-mongoose] mongodb://127.0.0.1/movies connected successfully
2019-05-27 22:49:18,171 INFO 9260 [egg-mongoose] instance[0] start successfully
2019-05-27 22:49:18,179 INFO 9260 [egg-watcher:application] watcher start success
2019-05-27 22:49:18,217 INFO 9260 [egg:core] dump config after ready, 28ms
2019-05-27 22:51:09,945 INFO 3584 [egg:logger] init all loggers with options: {"dir":"C:\\Users\\cheng\\Desktop\\myMovie\\app\\myMovie\\logs","encoding":"utf8","env":"local","level":"INFO","consoleLevel":"DEBUG","disableConsoleAfterReady":false,"outputJSON":false,"buffer":true,"appLogName":"myMovie-web.log","coreLogName":"egg-web.log","agentLogName":"egg-agent.log","errorLogName":"common-error.log","coreLogger":{"consoleLevel":"WARN"},"allowDebugAtProd":false,"type":"application"}
2019-05-27 22:51:10,021 INFO 3584 [egg-multipart] stream mode enable
2019-05-27 22:51:10,873 INFO 3584 [egg-mongoose] connecting mongodb://127.0.0.1/movies
2019-05-27 22:51:11,083 INFO 3584 [egg-static] starting static serve /public/ -> C:\Users\cheng\Desktop\myMovie\app\myMovie\public
2019-05-27 22:51:11,093 INFO 3584 [egg-security] use csrf middleware
2019-05-27 22:51:11,095 INFO 3584 [egg-security] use methodnoallow middleware
2019-05-27 22:51:11,097 INFO 3584 [egg-security] use noopen middleware
2019-05-27 22:51:11,100 INFO 3584 [egg-security] use nosniff middleware
2019-05-27 22:51:11,102 INFO 3584 [egg-security] use xssProtection middleware
2019-05-27 22:51:11,103 INFO 3584 [egg-security] use xframe middleware
2019-05-27 22:51:11,104 INFO 3584 [egg-security] use dta middleware
2019-05-27 22:51:11,104 INFO 3584 [egg-security] compose 7 middlewares into one security middleware
2019-05-27 22:51:16,607 INFO 3584 [egg:core] dump config after load, 29ms
2019-05-27 22:51:16,616 INFO 3584 [egg-mongoose] starting...
2019-05-27 22:51:16,750 INFO 3584 [egg-watcher:application] watcher start success
2019-05-27 22:51:16,760 INFO 3584 [egg-mongoose] mongodb://127.0.0.1/movies connected successfully
2019-05-27 22:51:16,768 INFO 3584 [egg-mongoose] instance[0] start successfully
2019-05-27 22:51:16,832 INFO 3584 [egg:core] dump config after ready, 52ms
2019-05-27 22:54:46,987 INFO 11792 [egg:logger] init all loggers with options: {"dir":"C:\\Users\\cheng\\Desktop\\myMovie\\app\\myMovie\\logs","encoding":"utf8","env":"local","level":"INFO","consoleLevel":"DEBUG","disableConsoleAfterReady":false,"outputJSON":false,"buffer":true,"appLogName":"myMovie-web.log","coreLogName":"egg-web.log","agentLogName":"egg-agent.log","errorLogName":"common-error.log","coreLogger":{"consoleLevel":"WARN"},"allowDebugAtProd":false,"type":"application"}
2019-05-27 22:54:47,098 INFO 11792 [egg-multipart] stream mode enable
2019-05-27 22:54:48,073 INFO 11792 [egg-mongoose] connecting mongodb://127.0.0.1/movies
2019-05-27 22:54:48,334 INFO 11792 [egg-static] starting static serve /public/ -> C:\Users\cheng\Desktop\myMovie\app\myMovie\public
2019-05-27 22:54:48,344 INFO 11792 [egg-security] use csrf middleware
2019-05-27 22:54:48,347 INFO 11792 [egg-security] use methodnoallow middleware
2019-05-27 22:54:48,349 INFO 11792 [egg-security] use noopen middleware
2019-05-27 22:54:48,353 INFO 11792 [egg-security] use nosniff middleware
2019-05-27 22:54:48,356 INFO 11792 [egg-security] use xssProtection middleware
2019-05-27 22:54:48,358 INFO 11792 [egg-security] use xframe middleware
2019-05-27 22:54:48,360 INFO 11792 [egg-security] use dta middleware
2019-05-27 22:54:48,360 INFO 11792 [egg-security] compose 7 middlewares into one security middleware
2019-05-27 22:54:53,557 INFO 11792 [egg:core] dump config after load, 22ms
2019-05-27 22:54:53,565 INFO 11792 [egg-mongoose] starting...
2019-05-27 22:54:53,704 INFO 11792 [egg-mongoose] mongodb://127.0.0.1/movies connected successfully
2019-05-27 22:54:53,706 INFO 11792 [egg-mongoose] instance[0] start successfully
2019-05-27 22:54:53,716 INFO 11792 [egg-watcher:application] watcher start success
2019-05-27 22:54:53,761 INFO 11792 [egg:core] dump config after ready, 40ms
2019-05-27 22:54:58,742 INFO 12192 [egg:logger] init all loggers with options: {"dir":"C:\\Users\\cheng\\Desktop\\myMovie\\app\\myMovie\\logs","encoding":"utf8","env":"local","level":"INFO","consoleLevel":"DEBUG","disableConsoleAfterReady":false,"outputJSON":false,"buffer":true,"appLogName":"myMovie-web.log","coreLogName":"egg-web.log","agentLogName":"egg-agent.log","errorLogName":"common-error.log","coreLogger":{"consoleLevel":"WARN"},"allowDebugAtProd":false,"type":"application"}
2019-05-27 22:54:58,827 INFO 12192 [egg-multipart] stream mode enable
2019-05-27 22:54:59,509 INFO 12192 [egg-mongoose] connecting mongodb://127.0.0.1/movies
2019-05-27 22:54:59,666 INFO 12192 [egg-static] starting static serve /public/ -> C:\Users\cheng\Desktop\myMovie\app\myMovie\public
2019-05-27 22:54:59,672 INFO 12192 [egg-security] use csrf middleware
2019-05-27 22:54:59,674 INFO 12192 [egg-security] use methodnoallow middleware
2019-05-27 22:54:59,675 INFO 12192 [egg-security] use noopen middleware
2019-05-27 22:54:59,678 INFO 12192 [egg-security] use nosniff middleware
2019-05-27 22:54:59,680 INFO 12192 [egg-security] use xssProtection middleware
2019-05-27 22:54:59,681 INFO 12192 [egg-security] use xframe middleware
2019-05-27 22:54:59,683 INFO 12192 [egg-security] use dta middleware
2019-05-27 22:54:59,683 INFO 12192 [egg-security] compose 7 middlewares into one security middleware
2019-05-27 22:54:59,938 INFO 12192 [egg:core] dump config after load, 18ms
2019-05-27 22:54:59,944 INFO 12192 [egg-mongoose] starting...
2019-05-27 22:55:00,028 INFO 12192 [egg-watcher:application] watcher start success
2019-05-27 22:55:00,036 INFO 12192 [egg-mongoose] mongodb://127.0.0.1/movies connected successfully
2019-05-27 22:55:00,042 INFO 12192 [egg-mongoose] instance[0] start successfully
2019-05-27 22:55:00,071 INFO 12192 [egg:core] dump config after ready, 22ms
2019-05-27 22:55:58,345 INFO 8280 [egg:logger] init all loggers with options: {"dir":"C:\\Users\\cheng\\Desktop\\myMovie\\app\\myMovie\\logs","encoding":"utf8","env":"local","level":"INFO","consoleLevel":"DEBUG","disableConsoleAfterReady":false,"outputJSON":false,"buffer":true,"appLogName":"myMovie-web.log","coreLogName":"egg-web.log","agentLogName":"egg-agent.log","errorLogName":"common-error.log","coreLogger":{"consoleLevel":"WARN"},"allowDebugAtProd":false,"type":"application"}
2019-05-27 22:55:58,437 INFO 8280 [egg-multipart] stream mode enable
2019-05-27 22:55:59,349 INFO 8280 [egg-mongoose] connecting mongodb://127.0.0.1/movies
2019-05-27 22:55:59,589 INFO 8280 [egg-static] starting static serve /public/ -> C:\Users\cheng\Desktop\myMovie\app\myMovie\public
2019-05-27 22:55:59,597 INFO 8280 [egg-security] use csrf middleware
2019-05-27 22:55:59,600 INFO 8280 [egg-security] use methodnoallow middleware
2019-05-27 22:55:59,602 INFO 8280 [egg-security] use noopen middleware
2019-05-27 22:55:59,606 INFO 8280 [egg-security] use nosniff middleware
2019-05-27 22:55:59,608 INFO 8280 [egg-security] use xssProtection middleware
2019-05-27 22:55:59,610 INFO 8280 [egg-security] use xframe middleware
2019-05-27 22:55:59,612 INFO 8280 [egg-security] use dta middleware
2019-05-27 22:55:59,612 INFO 8280 [egg-security] compose 7 middlewares into one security middleware
2019-05-27 22:56:04,681 INFO 8280 [egg:core] dump config after load, 27ms
2019-05-27 22:56:04,690 INFO 8280 [egg-mongoose] starting...
2019-05-27 22:56:04,831 INFO 8280 [egg-mongoose] mongodb://127.0.0.1/movies connected successfully
2019-05-27 22:56:04,834 INFO 8280 [egg-mongoose] instance[0] start successfully
2019-05-27 22:56:04,839 INFO 8280 [egg-watcher:application] watcher start success
2019-05-27 22:56:04,899 INFO 8280 [egg:core] dump config after ready, 56ms
2019-05-27 22:57:18,902 INFO 1508 [egg:logger] init all loggers with options: {"dir":"C:\\Users\\cheng\\Desktop\\myMovie\\app\\myMovie\\logs","encoding":"utf8","env":"local","level":"INFO","consoleLevel":"DEBUG","disableConsoleAfterReady":false,"outputJSON":false,"buffer":true,"appLogName":"myMovie-web.log","coreLogName":"egg-web.log","agentLogName":"egg-agent.log","errorLogName":"common-error.log","coreLogger":{"consoleLevel":"WARN"},"allowDebugAtProd":false,"type":"application"}
2019-05-27 22:57:18,977 INFO 1508 [egg-multipart] stream mode enable
2019-05-27 22:57:19,657 INFO 1508 [egg-mongoose] connecting mongodb://127.0.0.1/movies
2019-05-27 22:57:19,829 INFO 1508 [egg-static] starting static serve /public/ -> C:\Users\cheng\Desktop\myMovie\app\myMovie\public
2019-05-27 22:57:19,835 INFO 1508 [egg-security] use csrf middleware
2019-05-27 22:57:19,837 INFO 1508 [egg-security] use methodnoallow middleware
2019-05-27 22:57:19,839 INFO 1508 [egg-security] use noopen middleware
2019-05-27 22:57:19,842 INFO 1508 [egg-security] use nosniff middleware
2019-05-27 22:57:19,844 INFO 1508 [egg-security] use xssProtection middleware
2019-05-27 22:57:19,845 INFO 1508 [egg-security] use xframe middleware
2019-05-27 22:57:19,847 INFO 1508 [egg-security] use dta middleware
2019-05-27 22:57:19,847 INFO 1508 [egg-security] compose 7 middlewares into one security middleware
2019-05-27 22:57:25,154 INFO 1508 [egg:core] dump config after load, 24ms
2019-05-27 22:57:25,163 INFO 1508 [egg-mongoose] starting...
2019-05-27 22:57:25,302 INFO 1508 [egg-mongoose] mongodb://127.0.0.1/movies connected successfully
2019-05-27 22:57:25,304 INFO 1508 [egg-mongoose] instance[0] start successfully
2019-05-27 22:57:25,316 INFO 1508 [egg-watcher:application] watcher start success
2019-05-27 22:57:25,362 INFO 1508 [egg:core] dump config after ready, 39ms
2019-05-27 23:01:46,542 INFO 3064 [egg:logger] init all loggers with options: {"dir":"C:\\Users\\cheng\\Desktop\\myMovie\\app\\myMovie\\logs","encoding":"utf8","env":"local","level":"INFO","consoleLevel":"DEBUG","disableConsoleAfterReady":false,"outputJSON":false,"buffer":true,"appLogName":"myMovie-web.log","coreLogName":"egg-web.log","agentLogName":"egg-agent.log","errorLogName":"common-error.log","coreLogger":{"consoleLevel":"WARN"},"allowDebugAtProd":false,"type":"application"}
2019-05-27 23:01:46,645 INFO 3064 [egg-multipart] stream mode enable
2019-05-27 23:01:47,544 INFO 3064 [egg-mongoose] connecting mongodb://127.0.0.1/movies
2019-05-27 23:01:47,773 INFO 3064 [egg-static] starting static serve /public/ -> C:\Users\cheng\Desktop\myMovie\app\myMovie\public
2019-05-27 23:01:47,782 INFO 3064 [egg-security] use csrf middleware
2019-05-27 23:01:47,785 INFO 3064 [egg-security] use methodnoallow middleware
2019-05-27 23:01:47,787 INFO 3064 [egg-security] use noopen middleware
2019-05-27 23:01:47,791 INFO 3064 [egg-security] use nosniff middleware
2019-05-27 23:01:47,793 INFO 3064 [egg-security] use xssProtection middleware
2019-05-27 23:01:47,794 INFO 3064 [egg-security] use xframe middleware
2019-05-27 23:01:47,796 INFO 3064 [egg-security] use dta middleware
2019-05-27 23:01:47,796 INFO 3064 [egg-security] compose 7 middlewares into one security middleware
2019-05-27 23:01:52,912 INFO 3064 [egg:core] dump config after load, 183ms
2019-05-27 23:01:52,921 INFO 3064 [egg-mongoose] starting...
2019-05-27 23:01:53,042 INFO 3064 [egg-watcher:application] watcher start success
2019-05-27 23:01:53,062 INFO 3064 [egg-mongoose] mongodb://127.0.0.1/movies connected successfully
2019-05-27 23:01:53,066 INFO 3064 [egg-mongoose] instance[0] start successfully
2019-05-27 23:01:53,119 INFO 3064 [egg:core] dump config after ready, 48ms
2019-05-27 23:05:01,323 INFO 12376 [egg:logger] init all loggers with options: {"dir":"C:\\Users\\cheng\\Desktop\\myMovie\\app\\myMovie\\logs","encoding":"utf8","env":"local","level":"INFO","consoleLevel":"DEBUG","disableConsoleAfterReady":false,"outputJSON":false,"buffer":true,"appLogName":"myMovie-web.log","coreLogName":"egg-web.log","agentLogName":"egg-agent.log","errorLogName":"common-error.log","coreLogger":{"consoleLevel":"WARN"},"allowDebugAtProd":false,"type":"application"}
2019-05-27 23:05:01,417 INFO 12376 [egg-multipart] stream mode enable
2019-05-27 23:05:02,174 INFO 12376 [egg-mongoose] connecting mongodb://127.0.0.1/movies
2019-05-27 23:05:02,344 INFO 12376 [egg-static] starting static serve /public/ -> C:\Users\cheng\Desktop\myMovie\app\myMovie\public
2019-05-27 23:05:02,349 INFO 12376 [egg-security] use csrf middleware
2019-05-27 23:05:02,352 INFO 12376 [egg-security] use methodnoallow middleware
2019-05-27 23:05:02,354 INFO 12376 [egg-security] use noopen middleware
2019-05-27 23:05:02,356 INFO 12376 [egg-security] use nosniff middleware
2019-05-27 23:05:02,357 INFO 12376 [egg-security] use xssProtection middleware
2019-05-27 23:05:02,358 INFO 12376 [egg-security] use xframe middleware
2019-05-27 23:05:02,360 INFO 12376 [egg-security] use dta middleware
2019-05-27 23:05:02,360 INFO 12376 [egg-security] compose 7 middlewares into one security middleware
2019-05-27 23:05:07,703 INFO 12376 [egg:core] dump config after load, 20ms
2019-05-27 23:05:07,709 INFO 12376 [egg-mongoose] starting...
2019-05-27 23:05:07,823 INFO 12376 [egg-watcher:application] watcher start success
2019-05-27 23:05:07,838 INFO 12376 [egg-mongoose] mongodb://127.0.0.1/movies connected successfully
2019-05-27 23:05:07,843 INFO 12376 [egg-mongoose] instance[0] start successfully
2019-05-27 23:05:07,905 INFO 12376 [egg:core] dump config after ready, 53ms
